# JRE version: OpenJDK Runtime Environment (11.0.8+10) (build 11.0.8+10-b944.6842174)
# Java VM: OpenJDK 64-Bit Server VM (11.0.8+10-b944.6842174, mixed mode, tiered, compressed oops, g1 gc, windows-amd64)
Heap:
 garbage-first heap   total 262144K, used 97450K [0x0000000080000000, 0x0000000100000000)
  region size 1024K, 48 young (49152K), 13 survivors (13312K)
 Metaspace       used 75652K, capacity 77335K, committed 77516K, reserved 1116160K
  class space    used 9882K, capacity 10477K, committed 10496K, reserved 1048576K
GC Heap History (20 events):
Event: 3.496 GC heap before
{Heap before GC invocations=2 (full 0):
 garbage-first heap   total 262144K, used 36303K [0x0000000080000000, 0x0000000100000000)
  region size 1024K, 29 young (29696K), 1 survivors (1024K)
 Metaspace       used 11005K, capacity 11274K, committed 11520K, reserved 1058816K
  class space    used 1146K, capacity 1203K, committed 1280K, reserved 1048576K
}
Event: 3.498 GC heap after
{Heap after GC invocations=3 (full 0):
 garbage-first heap   total 262144K, used 12782K [0x0000000080000000, 0x0000000100000000)
  region size 1024K, 4 young (4096K), 4 survivors (4096K)
 Metaspace       used 11005K, capacity 11274K, committed 11520K, reserved 1058816K
  class space    used 1146K, capacity 1203K, committed 1280K, reserved 1048576K
}
Event: 6.483 GC heap before
{Heap before GC invocations=3 (full 0):
 garbage-first heap   total 262144K, used 54766K [0x0000000080000000, 0x0000000100000000)
  region size 1024K, 45 young (46080K), 4 survivors (4096K)
 Metaspace       used 18910K, capacity 19437K, committed 19584K, reserved 1067008K
  class space    used 2282K, capacity 2426K, committed 2432K, reserved 1048576K
}
Event: 6.489 GC heap after
{Heap after GC invocations=4 (full 0):
 garbage-first heap   total 262144K, used 16012K [0x0000000080000000, 0x0000000100000000)
  region size 1024K, 3 young (3072K), 3 survivors (3072K)
 Metaspace       used 18910K, capacity 19437K, committed 19584K, reserved 1067008K
  class space    used 2282K, capacity 2426K, committed 2432K, reserved 1048576K
}
Event: 6.619 GC heap before
{Heap before GC invocations=4 (full 0):
 garbage-first heap   total 262144K, used 28300K [0x0000000080000000, 0x0000000100000000)
  region size 1024K, 16 young (16384K), 3 survivors (3072K)
 Metaspace       used 20599K, capacity 21111K, committed 21248K, reserved 1067008K
  class space    used 2524K, capacity 2712K, committed 2816K, reserved 1048576K
}
Event: 6.622 GC heap after
{Heap after GC invocations=5 (full 0):
 garbage-first heap   total 262144K, used 16418K [0x0000000080000000, 0x0000000100000000)
  region size 1024K, 4 young (4096K), 4 survivors (4096K)
 Metaspace       used 20599K, capacity 21111K, committed 21248K, reserved 1067008K
  class space    used 2524K, capacity 2712K, committed 2816K, reserved 1048576K
}
Event: 7.243 GC heap before
{Heap before GC invocations=6 (full 0):
 garbage-first heap   total 262144K, used 75810K [0x0000000080000000, 0x0000000100000000)
  region size 1024K, 62 young (63488K), 4 survivors (4096K)
 Metaspace       used 26890K, capacity 27544K, committed 27648K, reserved 1073152K
  class space    used 3540K, capacity 3755K, committed 3840K, reserved 1048576K
}
Event: 7.248 GC heap after
{Heap after GC invocations=7 (full 0):
 garbage-first heap   total 262144K, used 18510K [0x0000000080000000, 0x0000000100000000)
  region size 1024K, 6 young (6144K), 6 survivors (6144K)
 Metaspace       used 26890K, capacity 27544K, committed 27648K, reserved 1073152K
  class space    used 3540K, capacity 3755K, committed 3840K, reserved 1048576K
}
Event: 7.811 GC heap before
{Heap before GC invocations=7 (full 0):
 garbage-first heap   total 262144K, used 59470K [0x0000000080000000, 0x0000000100000000)
  region size 1024K, 48 young (49152K), 6 survivors (6144K)
 Metaspace       used 35098K, capacity 35825K, committed 35840K, reserved 1081344K
  class space    used 4563K, capacity 4856K, committed 4864K, reserved 1048576K
}
Event: 7.819 GC heap after
{Heap after GC invocations=8 (full 0):
 garbage-first heap   total 262144K, used 21520K [0x0000000080000000, 0x0000000100000000)
  region size 1024K, 9 young (9216K), 9 survivors (9216K)
 Metaspace       used 35098K, capacity 35825K, committed 35840K, reserved 1081344K
  class space    used 4563K, capacity 4856K, committed 4864K, reserved 1048576K
}
Event: 9.362 GC heap before
{Heap before GC invocations=9 (full 0):
 garbage-first heap   total 262144K, used 172048K [0x0000000080000000, 0x0000000100000000)
  region size 1024K, 153 young (156672K), 9 survivors (9216K)
 Metaspace       used 44477K, capacity 45466K, committed 45772K, reserved 1089536K
  class space    used 5695K, capacity 6061K, committed 6144K, reserved 1048576K
}
Event: 9.376 GC heap after
{Heap after GC invocations=10 (full 0):
 garbage-first heap   total 262144K, used 29484K [0x0000000080000000, 0x0000000100000000)
  region size 1024K, 16 young (16384K), 16 survivors (16384K)
 Metaspace       used 44477K, capacity 45466K, committed 45772K, reserved 1089536K
  class space    used 5695K, capacity 6061K, committed 6144K, reserved 1048576K
}
Event: 10.890 GC heap before
{Heap before GC invocations=10 (full 0):
 garbage-first heap   total 262144K, used 175916K [0x0000000080000000, 0x0000000100000000)
  region size 1024K, 153 young (156672K), 16 survivors (16384K)
 Metaspace       used 58472K, capacity 59871K, committed 60236K, reserved 1101824K
  class space    used 7424K, capacity 7953K, committed 8064K, reserved 1048576K
}
Event: 10.913 GC heap after
{Heap after GC invocations=11 (full 0):
 garbage-first heap   total 262144K, used 49593K [0x0000000080000000, 0x0000000100000000)
  region size 1024K, 20 young (20480K), 20 survivors (20480K)
 Metaspace       used 58472K, capacity 59871K, committed 60236K, reserved 1101824K
  class space    used 7424K, capacity 7953K, committed 8064K, reserved 1048576K
}
Event: 10.950 GC heap before
{Heap before GC invocations=11 (full 0):
 garbage-first heap   total 262144K, used 51641K [0x0000000080000000, 0x0000000100000000)
  region size 1024K, 23 young (23552K), 20 survivors (20480K)
 Metaspace       used 58692K, capacity 60085K, committed 60236K, reserved 1101824K
  class space    used 7446K, capacity 7957K, committed 8064K, reserved 1048576K
}
Event: 10.968 GC heap after
{Heap after GC invocations=12 (full 0):
 garbage-first heap   total 262144K, used 52021K [0x0000000080000000, 0x0000000100000000)
  region size 1024K, 3 young (3072K), 3 survivors (3072K)
 Metaspace       used 58692K, capacity 60085K, committed 60236K, reserved 1101824K
  class space    used 7446K, capacity 7957K, committed 8064K, reserved 1048576K
}
Event: 11.821 GC heap before
{Heap before GC invocations=13 (full 0):
 garbage-first heap   total 262144K, used 135989K [0x0000000080000000, 0x0000000100000000)
  region size 1024K, 85 young (87040K), 3 survivors (3072K)
 Metaspace       used 64296K, capacity 65793K, committed 66124K, reserved 1105920K
  class space    used 8195K, capacity 8745K, committed 8832K, reserved 1048576K
}
Event: 11.830 GC heap after
{Heap after GC invocations=14 (full 0):
 garbage-first heap   total 262144K, used 56373K [0x0000000080000000, 0x0000000100000000)
  region size 1024K, 7 young (7168K), 7 survivors (7168K)
 Metaspace       used 64296K, capacity 65793K, committed 66124K, reserved 1105920K
  class space    used 8195K, capacity 8745K, committed 8832K, reserved 1048576K
}
Event: 13.164 GC heap before
{Heap before GC invocations=14 (full 0):
 garbage-first heap   total 262144K, used 148533K [0x0000000080000000, 0x0000000100000000)
  region size 1024K, 97 young (99328K), 7 survivors (7168K)
 Metaspace       used 72862K, capacity 74535K, committed 74700K, reserved 1114112K
  class space    used 9519K, capacity 10116K, committed 10240K, reserved 1048576K
}
Event: 13.177 GC heap after
{Heap after GC invocations=15 (full 0):
 garbage-first heap   total 262144K, used 62634K [0x0000000080000000, 0x0000000100000000)
  region size 1024K, 13 young (13312K), 13 survivors (13312K)
 Metaspace       used 72862K, capacity 74535K, committed 74700K, reserved 1114112K
  class space    used 9519K, capacity 10116K, committed 10240K, reserved 1048576K
}

