# JRE version: OpenJDK Runtime Environment (11.0.8+10) (build 11.0.8+10-b944.6842174)
# Java VM: OpenJDK 64-Bit Server VM (11.0.8+10-b944.6842174, mixed mode, tiered, compressed oops, g1 gc, windows-amd64)
Heap:
 garbage-first heap   total 262144K, used 118537K [0x0000000080000000, 0x0000000100000000)
  region size 1024K, 89 young (91136K), 20 survivors (20480K)
 Metaspace       used 62161K, capacity 63629K, committed 63868K, reserved 1105920K
  class space    used 7875K, capacity 8386K, committed 8448K, reserved 1048576K
GC Heap History (18 events):
Event: 2.702 GC heap before
{Heap before GC invocations=0 (full 0):
 garbage-first heap   total 262144K, used 19456K [0x0000000080000000, 0x0000000100000000)
  region size 1024K, 14 young (14336K), 0 survivors (0K)
 Metaspace       used 7463K, capacity 7615K, committed 7680K, reserved 1056768K
  class space    used 686K, capacity 748K, committed 768K, reserved 1048576K
}
Event: 2.802 GC heap after
{Heap after GC invocations=1 (full 0):
 garbage-first heap   total 262144K, used 7960K [0x0000000080000000, 0x0000000100000000)
  region size 1024K, 2 young (2048K), 2 survivors (2048K)
 Metaspace       used 7463K, capacity 7615K, committed 7680K, reserved 1056768K
  class space    used 686K, capacity 748K, committed 768K, reserved 1048576K
}
Event: 3.240 GC heap before
{Heap before GC invocations=1 (full 0):
 garbage-first heap   total 262144K, used 19224K [0x0000000080000000, 0x0000000100000000)
  region size 1024K, 13 young (13312K), 2 survivors (2048K)
 Metaspace       used 10836K, capacity 11081K, committed 11264K, reserved 1058816K
  class space    used 1144K, capacity 1203K, committed 1280K, reserved 1048576K
}
Event: 3.243 GC heap after
{Heap after GC invocations=2 (full 0):
 garbage-first heap   total 262144K, used 8766K [0x0000000080000000, 0x0000000100000000)
  region size 1024K, 1 young (1024K), 1 survivors (1024K)
 Metaspace       used 10836K, capacity 11081K, committed 11264K, reserved 1058816K
  class space    used 1144K, capacity 1203K, committed 1280K, reserved 1048576K
}
Event: 4.031 GC heap before
{Heap before GC invocations=2 (full 0):
 garbage-first heap   total 262144K, used 36414K [0x0000000080000000, 0x0000000100000000)
  region size 1024K, 29 young (29696K), 1 survivors (1024K)
 Metaspace       used 11024K, capacity 11338K, committed 11520K, reserved 1058816K
  class space    used 1145K, capacity 1203K, committed 1280K, reserved 1048576K
}
Event: 4.035 GC heap after
{Heap after GC invocations=3 (full 0):
 garbage-first heap   total 262144K, used 13505K [0x0000000080000000, 0x0000000100000000)
  region size 1024K, 4 young (4096K), 4 survivors (4096K)
 Metaspace       used 11024K, capacity 11338K, committed 11520K, reserved 1058816K
  class space    used 1145K, capacity 1203K, committed 1280K, reserved 1048576K
}
Event: 7.220 GC heap before
{Heap before GC invocations=3 (full 0):
 garbage-first heap   total 262144K, used 55489K [0x0000000080000000, 0x0000000100000000)
  region size 1024K, 45 young (46080K), 4 survivors (4096K)
 Metaspace       used 18868K, capacity 19277K, committed 19328K, reserved 1067008K
  class space    used 2269K, capacity 2394K, committed 2432K, reserved 1048576K
}
Event: 7.225 GC heap after
{Heap after GC invocations=4 (full 0):
 garbage-first heap   total 262144K, used 16218K [0x0000000080000000, 0x0000000100000000)
  region size 1024K, 3 young (3072K), 3 survivors (3072K)
 Metaspace       used 18868K, capacity 19277K, committed 19328K, reserved 1067008K
  class space    used 2269K, capacity 2394K, committed 2432K, reserved 1048576K
}
Event: 7.356 GC heap before
{Heap before GC invocations=4 (full 0):
 garbage-first heap   total 262144K, used 29530K [0x0000000080000000, 0x0000000100000000)
  region size 1024K, 17 young (17408K), 3 survivors (3072K)
 Metaspace       used 20598K, capacity 21143K, committed 21296K, reserved 1069056K
  class space    used 2520K, capacity 2680K, committed 2688K, reserved 1048576K
}
Event: 7.360 GC heap after
{Heap after GC invocations=5 (full 0):
 garbage-first heap   total 262144K, used 16711K [0x0000000080000000, 0x0000000100000000)
  region size 1024K, 4 young (4096K), 4 survivors (4096K)
 Metaspace       used 20598K, capacity 21143K, committed 21296K, reserved 1069056K
  class space    used 2520K, capacity 2680K, committed 2688K, reserved 1048576K
}
Event: 8.094 GC heap before
{Heap before GC invocations=6 (full 0):
 garbage-first heap   total 262144K, used 73031K [0x0000000080000000, 0x0000000100000000)
  region size 1024K, 59 young (60416K), 4 survivors (4096K)
 Metaspace       used 26720K, capacity 27375K, committed 27568K, reserved 1073152K
  class space    used 3508K, capacity 3720K, committed 3840K, reserved 1048576K
}
Event: 8.105 GC heap after
{Heap after GC invocations=7 (full 0):
 garbage-first heap   total 262144K, used 18694K [0x0000000080000000, 0x0000000100000000)
  region size 1024K, 6 young (6144K), 6 survivors (6144K)
 Metaspace       used 26720K, capacity 27375K, committed 27568K, reserved 1073152K
  class space    used 3508K, capacity 3720K, committed 3840K, reserved 1048576K
}
Event: 8.767 GC heap before
{Heap before GC invocations=7 (full 0):
 garbage-first heap   total 262144K, used 61702K [0x0000000080000000, 0x0000000100000000)
  region size 1024K, 50 young (51200K), 6 survivors (6144K)
 Metaspace       used 34985K, capacity 35677K, committed 35708K, reserved 1081344K
  class space    used 4548K, capacity 4849K, committed 4864K, reserved 1048576K
}
Event: 8.775 GC heap after
{Heap after GC invocations=8 (full 0):
 garbage-first heap   total 262144K, used 21925K [0x0000000080000000, 0x0000000100000000)
  region size 1024K, 9 young (9216K), 9 survivors (9216K)
 Metaspace       used 34985K, capacity 35677K, committed 35708K, reserved 1081344K
  class space    used 4548K, capacity 4849K, committed 4864K, reserved 1048576K
}
Event: 10.171 GC heap before
{Heap before GC invocations=9 (full 0):
 garbage-first heap   total 262144K, used 163237K [0x0000000080000000, 0x0000000100000000)
  region size 1024K, 144 young (147456K), 9 survivors (9216K)
 Metaspace       used 44469K, capacity 45447K, committed 45692K, reserved 1089536K
  class space    used 5691K, capacity 6055K, committed 6144K, reserved 1048576K
}
Event: 10.185 GC heap after
{Heap after GC invocations=10 (full 0):
 garbage-first heap   total 262144K, used 29666K [0x0000000080000000, 0x0000000100000000)
  region size 1024K, 16 young (16384K), 16 survivors (16384K)
 Metaspace       used 44469K, capacity 45447K, committed 45692K, reserved 1089536K
  class space    used 5691K, capacity 6055K, committed 6144K, reserved 1048576K
}
Event: 12.046 GC heap before
{Heap before GC invocations=10 (full 0):
 garbage-first heap   total 262144K, used 174050K [0x0000000080000000, 0x0000000100000000)
  region size 1024K, 153 young (156672K), 16 survivors (16384K)
 Metaspace       used 58401K, capacity 59786K, committed 59940K, reserved 1101824K
  class space    used 7415K, capacity 7947K, committed 8064K, reserved 1048576K
}
Event: 12.070 GC heap after
{Heap after GC invocations=11 (full 0):
 garbage-first heap   total 262144K, used 48905K [0x0000000080000000, 0x0000000100000000)
  region size 1024K, 20 young (20480K), 20 survivors (20480K)
 Metaspace       used 58401K, capacity 59786K, committed 59940K, reserved 1101824K
  class space    used 7415K, capacity 7947K, committed 8064K, reserved 1048576K
}

