# JRE version: OpenJDK Runtime Environment (11.0.8+10) (build 11.0.8+10-b944.6842174)
# Java VM: OpenJDK 64-Bit Server VM (11.0.8+10-b944.6842174, mixed mode, tiered, compressed oops, g1 gc, windows-amd64)
Heap:
 garbage-first heap   total 506880K, used 187933K [0x0000000080000000, 0x0000000100000000)
  region size 1024K, 5 young (5120K), 5 survivors (5120K)
 Metaspace       used 112191K, capacity 115212K, committed 115456K, reserved 1148928K
  class space    used 14105K, capacity 15255K, committed 15256K, reserved 1048576K
GC Heap History (20 events):
Event: 630.333 GC heap after
{Heap after GC invocations=49 (full 0):
 garbage-first heap   total 262144K, used 170117K [0x0000000080000000, 0x0000000100000000)
  region size 1024K, 4 young (4096K), 4 survivors (4096K)
 Metaspace       used 111696K, capacity 114668K, committed 114944K, reserved 1148928K
  class space    used 14083K, capacity 15193K, committed 15256K, reserved 1048576K
}
Event: 630.346 GC heap before
{Heap before GC invocations=49 (full 0):
 garbage-first heap   total 262144K, used 178309K [0x0000000080000000, 0x0000000100000000)
  region size 1024K, 12 young (12288K), 4 survivors (4096K)
 Metaspace       used 111698K, capacity 114668K, committed 114944K, reserved 1148928K
  class space    used 14083K, capacity 15193K, committed 15256K, reserved 1048576K
}
Event: 630.353 GC heap after
{Heap after GC invocations=50 (full 0):
 garbage-first heap   total 262144K, used 169526K [0x0000000080000000, 0x0000000100000000)
  region size 1024K, 2 young (2048K), 2 survivors (2048K)
 Metaspace       used 111698K, capacity 114668K, committed 114944K, reserved 1148928K
  class space    used 14083K, capacity 15193K, committed 15256K, reserved 1048576K
}
Event: 630.609 GC heap before
{Heap before GC invocations=50 (full 0):
 garbage-first heap   total 262144K, used 220726K [0x0000000080000000, 0x0000000100000000)
  region size 1024K, 52 young (53248K), 2 survivors (2048K)
 Metaspace       used 111945K, capacity 114962K, committed 115200K, reserved 1148928K
  class space    used 14098K, capacity 15243K, committed 15256K, reserved 1048576K
}
Event: 630.616 GC heap after
{Heap after GC invocations=51 (full 0):
 garbage-first heap   total 315392K, used 171121K [0x0000000080000000, 0x0000000100000000)
  region size 1024K, 3 young (3072K), 3 survivors (3072K)
 Metaspace       used 111945K, capacity 114962K, committed 115200K, reserved 1148928K
  class space    used 14098K, capacity 15243K, committed 15256K, reserved 1048576K
}
Event: 631.258 GC heap before
{Heap before GC invocations=52 (full 0):
 garbage-first heap   total 315392K, used 250993K [0x0000000080000000, 0x0000000100000000)
  region size 1024K, 81 young (82944K), 3 survivors (3072K)
 Metaspace       used 112006K, capacity 115050K, committed 115200K, reserved 1148928K
  class space    used 14100K, capacity 15247K, committed 15256K, reserved 1048576K
}
Event: 631.267 GC heap after
{Heap after GC invocations=53 (full 0):
 garbage-first heap   total 315392K, used 171378K [0x0000000080000000, 0x0000000100000000)
  region size 1024K, 4 young (4096K), 4 survivors (4096K)
 Metaspace       used 112006K, capacity 115050K, committed 115200K, reserved 1148928K
  class space    used 14100K, capacity 15247K, committed 15256K, reserved 1048576K
}
Event: 631.551 GC heap before
{Heap before GC invocations=53 (full 0):
 garbage-first heap   total 315392K, used 254322K [0x0000000080000000, 0x0000000100000000)
  region size 1024K, 85 young (87040K), 4 survivors (4096K)
 Metaspace       used 112057K, capacity 115128K, committed 115200K, reserved 1148928K
  class space    used 14103K, capacity 15251K, committed 15256K, reserved 1048576K
}
Event: 631.564 GC heap after
{Heap after GC invocations=54 (full 0):
 garbage-first heap   total 315392K, used 172594K [0x0000000080000000, 0x0000000100000000)
  region size 1024K, 5 young (5120K), 5 survivors (5120K)
 Metaspace       used 112057K, capacity 115128K, committed 115200K, reserved 1148928K
  class space    used 14103K, capacity 15251K, committed 15256K, reserved 1048576K
}
Event: 632.050 GC heap before
{Heap before GC invocations=55 (full 0):
 garbage-first heap   total 315392K, used 257586K [0x0000000080000000, 0x0000000100000000)
  region size 1024K, 89 young (91136K), 5 survivors (5120K)
 Metaspace       used 112099K, capacity 115138K, committed 115200K, reserved 1148928K
  class space    used 14104K, capacity 15254K, committed 15256K, reserved 1048576K
}
Event: 632.061 GC heap after
{Heap after GC invocations=56 (full 0):
 garbage-first heap   total 315392K, used 176851K [0x0000000080000000, 0x0000000100000000)
  region size 1024K, 9 young (9216K), 9 survivors (9216K)
 Metaspace       used 112099K, capacity 115138K, committed 115200K, reserved 1148928K
  class space    used 14104K, capacity 15254K, committed 15256K, reserved 1048576K
}
Event: 632.256 GC heap before
{Heap before GC invocations=56 (full 0):
 garbage-first heap   total 315392K, used 260819K [0x0000000080000000, 0x0000000100000000)
  region size 1024K, 91 young (93184K), 9 survivors (9216K)
 Metaspace       used 112130K, capacity 115208K, committed 115456K, reserved 1148928K
  class space    used 14105K, capacity 15255K, committed 15256K, reserved 1048576K
}
Event: 632.291 GC heap after
{Heap after GC invocations=57 (full 0):
 garbage-first heap   total 378880K, used 182816K [0x0000000080000000, 0x0000000100000000)
  region size 1024K, 12 young (12288K), 12 survivors (12288K)
 Metaspace       used 112130K, capacity 115208K, committed 115456K, reserved 1148928K
  class space    used 14105K, capacity 15255K, committed 15256K, reserved 1048576K
}
Event: 633.005 GC heap before
{Heap before GC invocations=58 (full 0):
 garbage-first heap   total 378880K, used 300576K [0x0000000080000000, 0x0000000100000000)
  region size 1024K, 127 young (130048K), 12 survivors (12288K)
 Metaspace       used 112159K, capacity 115212K, committed 115456K, reserved 1148928K
  class space    used 14105K, capacity 15255K, committed 15256K, reserved 1048576K
}
Event: 633.018 GC heap after
{Heap after GC invocations=59 (full 0):
 garbage-first heap   total 378880K, used 185088K [0x0000000080000000, 0x0000000100000000)
  region size 1024K, 11 young (11264K), 11 survivors (11264K)
 Metaspace       used 112159K, capacity 115212K, committed 115456K, reserved 1148928K
  class space    used 14105K, capacity 15255K, committed 15256K, reserved 1048576K
}
Event: 633.038 GC heap before
{Heap before GC invocations=59 (full 0):
 garbage-first heap   total 378880K, used 192256K [0x0000000080000000, 0x0000000100000000)
  region size 1024K, 18 young (18432K), 11 survivors (11264K)
 Metaspace       used 112159K, capacity 115212K, committed 115456K, reserved 1148928K
  class space    used 14105K, capacity 15255K, committed 15256K, reserved 1048576K
}
Event: 633.050 GC heap after
{Heap after GC invocations=60 (full 0):
 garbage-first heap   total 378880K, used 184817K [0x0000000080000000, 0x0000000100000000)
  region size 1024K, 2 young (2048K), 2 survivors (2048K)
 Metaspace       used 112159K, capacity 115212K, committed 115456K, reserved 1148928K
  class space    used 14105K, capacity 15255K, committed 15256K, reserved 1048576K
}
Event: 633.392 GC heap before
{Heap before GC invocations=60 (full 0):
 garbage-first heap   total 378880K, used 306673K [0x0000000080000000, 0x0000000100000000)
  region size 1024K, 121 young (123904K), 2 survivors (2048K)
 Metaspace       used 112169K, capacity 115212K, committed 115456K, reserved 1148928K
  class space    used 14105K, capacity 15255K, committed 15256K, reserved 1048576K
}
Event: 633.403 GC heap after
{Heap after GC invocations=61 (full 0):
 garbage-first heap   total 378880K, used 186285K [0x0000000080000000, 0x0000000100000000)
  region size 1024K, 4 young (4096K), 4 survivors (4096K)
 Metaspace       used 112169K, capacity 115212K, committed 115456K, reserved 1148928K
  class space    used 14105K, capacity 15255K, committed 15256K, reserved 1048576K
}
Event: 634.021 GC heap before
{Heap before GC invocations=62 (full 0):
 garbage-first heap   total 378880K, used 311213K [0x0000000080000000, 0x0000000100000000)
  region size 1024K, 126 young (129024K), 4 survivors (4096K)
 Metaspace       used 112191K, capacity 115212K, committed 115456K, reserved 1148928K
  class space    used 14105K, capacity 15255K, committed 15256K, reserved 1048576K
}

