# JRE version: Java(TM) SE Runtime Environment (8.0_171-b11) (build 1.8.0_171-b11)
# Java VM: Java HotSpot(TM) 64-Bit Server VM (25.171-b11 mixed mode windows-amd64 compressed oops)
Heap:
 PSYoungGen      total 679936K, used 149587K [0x00000000d5580000, 0x0000000100000000, 0x0000000100000000)
  eden space 662016K, 22% used [0x00000000d5580000,0x00000000de794cd0,0x00000000fdc00000)
  from space 17920K, 0% used [0x00000000fee80000,0x00000000fee80000,0x0000000100000000)
  to   space 18432K, 0% used [0x00000000fdc00000,0x00000000fdc00000,0x00000000fee00000)
 ParOldGen       total 81920K, used 13764K [0x0000000080000000, 0x0000000085000000, 0x00000000d5580000)
  object space 81920K, 16% used [0x0000000080000000,0x0000000080d71088,0x0000000085000000)
 Metaspace       used 36712K, capacity 37962K, committed 38144K, reserved 1081344K
  class space    used 5031K, capacity 5345K, committed 5376K, reserved 1048576K
GC Heap History (10 events):
Event: 33.811 GC heap before
{Heap before GC invocations=8 (full 1):
 PSYoungGen      total 258048K, used 258038K [0x00000000d5580000, 0x00000000e7280000, 0x0000000100000000)
  eden space 245248K, 100% used [0x00000000d5580000,0x00000000e4500000,0x00000000e4500000)
  from space 12800K, 99% used [0x00000000e6600000,0x00000000e727d858,0x00000000e7280000)
  to   space 15360K, 0% used [0x00000000e5480000,0x00000000e5480000,0x00000000e6380000)
 ParOldGen       total 54272K, used 9894K [0x0000000080000000, 0x0000000083500000, 0x00000000d5580000)
  object space 54272K, 18% used [0x0000000080000000,0x00000000809a9990,0x0000000083500000)
 Metaspace       used 33667K, capacity 34900K, committed 35072K, reserved 1079296K
  class space    used 4714K, capacity 5037K, committed 5120K, reserved 1048576K
Event: 33.826 GC heap after
Heap after GC invocations=8 (full 1):
 PSYoungGen      total 276480K, used 8274K [0x00000000d5580000, 0x00000000f2880000, 0x0000000100000000)
  eden space 261120K, 0% used [0x00000000d5580000,0x00000000d5580000,0x00000000e5480000)
  from space 15360K, 53% used [0x00000000e5480000,0x00000000e5c94ab8,0x00000000e6380000)
  to   space 14848K, 0% used [0x00000000f1a00000,0x00000000f1a00000,0x00000000f2880000)
 ParOldGen       total 54272K, used 9902K [0x0000000080000000, 0x0000000083500000, 0x00000000d5580000)
  object space 54272K, 18% used [0x0000000080000000,0x00000000809ab990,0x0000000083500000)
 Metaspace       used 33667K, capacity 34900K, committed 35072K, reserved 1079296K
  class space    used 4714K, capacity 5037K, committed 5120K, reserved 1048576K
}
Event: 36.848 GC heap before
{Heap before GC invocations=9 (full 1):
 PSYoungGen      total 276480K, used 269394K [0x00000000d5580000, 0x00000000f2880000, 0x0000000100000000)
  eden space 261120K, 100% used [0x00000000d5580000,0x00000000e5480000,0x00000000e5480000)
  from space 15360K, 53% used [0x00000000e5480000,0x00000000e5c94ab8,0x00000000e6380000)
  to   space 14848K, 0% used [0x00000000f1a00000,0x00000000f1a00000,0x00000000f2880000)
 ParOldGen       total 54272K, used 9902K [0x0000000080000000, 0x0000000083500000, 0x00000000d5580000)
  object space 54272K, 18% used [0x0000000080000000,0x00000000809ab990,0x0000000083500000)
 Metaspace       used 33670K, capacity 34900K, committed 35072K, reserved 1079296K
  class space    used 4714K, capacity 5037K, committed 5120K, reserved 1048576K
Event: 36.886 GC heap after
Heap after GC invocations=9 (full 1):
 PSYoungGen      total 460800K, used 14832K [0x00000000d5580000, 0x00000000f4d00000, 0x0000000100000000)
  eden space 445952K, 0% used [0x00000000d5580000,0x00000000d5580000,0x00000000f0900000)
  from space 14848K, 99% used [0x00000000f1a00000,0x00000000f287c030,0x00000000f2880000)
  to   space 17408K, 0% used [0x00000000f0900000,0x00000000f0900000,0x00000000f1a00000)
 ParOldGen       total 54272K, used 10870K [0x0000000080000000, 0x0000000083500000, 0x00000000d5580000)
  object space 54272K, 20% used [0x0000000080000000,0x0000000080a9d990,0x0000000083500000)
 Metaspace       used 33670K, capacity 34900K, committed 35072K, reserved 1079296K
  class space    used 4714K, capacity 5037K, committed 5120K, reserved 1048576K
}
Event: 39.825 GC heap before
{Heap before GC invocations=10 (full 1):
 PSYoungGen      total 460800K, used 460784K [0x00000000d5580000, 0x00000000f4d00000, 0x0000000100000000)
  eden space 445952K, 100% used [0x00000000d5580000,0x00000000f0900000,0x00000000f0900000)
  from space 14848K, 99% used [0x00000000f1a00000,0x00000000f287c030,0x00000000f2880000)
  to   space 17408K, 0% used [0x00000000f0900000,0x00000000f0900000,0x00000000f1a00000)
 ParOldGen       total 54272K, used 10870K [0x0000000080000000, 0x0000000083500000, 0x00000000d5580000)
  object space 54272K, 20% used [0x0000000080000000,0x0000000080a9d990,0x0000000083500000)
 Metaspace       used 33671K, capacity 34900K, committed 35072K, reserved 1079296K
  class space    used 4714K, capacity 5037K, committed 5120K, reserved 1048576K
Event: 39.849 GC heap after
Heap after GC invocations=10 (full 1):
 PSYoungGen      total 463360K, used 13320K [0x00000000d5580000, 0x0000000100000000, 0x0000000100000000)
  eden space 445952K, 0% used [0x00000000d5580000,0x00000000d5580000,0x00000000f0900000)
  from space 17408K, 76% used [0x00000000f0900000,0x00000000f1602300,0x00000000f1a00000)
  to   space 17920K, 0% used [0x00000000fee80000,0x00000000fee80000,0x0000000100000000)
 ParOldGen       total 54272K, used 16542K [0x0000000080000000, 0x0000000083500000, 0x00000000d5580000)
  object space 54272K, 30% used [0x0000000080000000,0x0000000081027a18,0x0000000083500000)
 Metaspace       used 33671K, capacity 34900K, committed 35072K, reserved 1079296K
  class space    used 4714K, capacity 5037K, committed 5120K, reserved 1048576K
}
Event: 41.527 GC heap before
{Heap before GC invocations=11 (full 1):
 PSYoungGen      total 463360K, used 33449K [0x00000000d5580000, 0x0000000100000000, 0x0000000100000000)
  eden space 445952K, 4% used [0x00000000d5580000,0x00000000d6928388,0x00000000f0900000)
  from space 17408K, 76% used [0x00000000f0900000,0x00000000f1602300,0x00000000f1a00000)
  to   space 17920K, 0% used [0x00000000fee80000,0x00000000fee80000,0x0000000100000000)
 ParOldGen       total 54272K, used 16542K [0x0000000080000000, 0x0000000083500000, 0x00000000d5580000)
  object space 54272K, 30% used [0x0000000080000000,0x0000000081027a18,0x0000000083500000)
 Metaspace       used 34132K, capacity 35356K, committed 35416K, reserved 1079296K
  class space    used 4773K, capacity 5077K, committed 5120K, reserved 1048576K
Event: 41.543 GC heap after
Heap after GC invocations=11 (full 1):
 PSYoungGen      total 679936K, used 1770K [0x00000000d5580000, 0x0000000100000000, 0x0000000100000000)
  eden space 662016K, 0% used [0x00000000d5580000,0x00000000d5580000,0x00000000fdc00000)
  from space 17920K, 9% used [0x00000000fee80000,0x00000000ff03a870,0x0000000100000000)
  to   space 18432K, 0% used [0x00000000fdc00000,0x00000000fdc00000,0x00000000fee00000)
 ParOldGen       total 54272K, used 20302K [0x0000000080000000, 0x0000000083500000, 0x00000000d5580000)
  object space 54272K, 37% used [0x0000000080000000,0x00000000813d3a38,0x0000000083500000)
 Metaspace       used 34132K, capacity 35356K, committed 35416K, reserved 1079296K
  class space    used 4773K, capacity 5077K, committed 5120K, reserved 1048576K
}
Event: 41.544 GC heap before
{Heap before GC invocations=12 (full 2):
 PSYoungGen      total 679936K, used 1770K [0x00000000d5580000, 0x0000000100000000, 0x0000000100000000)
  eden space 662016K, 0% used [0x00000000d5580000,0x00000000d5580000,0x00000000fdc00000)
  from space 17920K, 9% used [0x00000000fee80000,0x00000000ff03a870,0x0000000100000000)
  to   space 18432K, 0% used [0x00000000fdc00000,0x00000000fdc00000,0x00000000fee00000)
 ParOldGen       total 54272K, used 20302K [0x0000000080000000, 0x0000000083500000, 0x00000000d5580000)
  object space 54272K, 37% used [0x0000000080000000,0x00000000813d3a38,0x0000000083500000)
 Metaspace       used 34132K, capacity 35356K, committed 35416K, reserved 1079296K
  class space    used 4773K, capacity 5077K, committed 5120K, reserved 1048576K
Event: 41.969 GC heap after
Heap after GC invocations=12 (full 2):
 PSYoungGen      total 679936K, used 0K [0x00000000d5580000, 0x0000000100000000, 0x0000000100000000)
  eden space 662016K, 0% used [0x00000000d5580000,0x00000000d5580000,0x00000000fdc00000)
  from space 17920K, 0% used [0x00000000fee80000,0x00000000fee80000,0x0000000100000000)
  to   space 18432K, 0% used [0x00000000fdc00000,0x00000000fdc00000,0x00000000fee00000)
 ParOldGen       total 81920K, used 13764K [0x0000000080000000, 0x0000000085000000, 0x00000000d5580000)
  object space 81920K, 16% used [0x0000000080000000,0x0000000080d71088,0x0000000085000000)
 Metaspace       used 34132K, capacity 35356K, committed 35416K, reserved 1079296K
  class space    used 4773K, capacity 5077K, committed 5120K, reserved 1048576K
}

