# JRE version: OpenJDK Runtime Environment (11.0.8+10) (build 11.0.8+10-b944.6842174)
# Java VM: OpenJDK 64-Bit Server VM (11.0.8+10-b944.6842174, mixed mode, tiered, compressed oops, g1 gc, windows-amd64)
Heap:
 garbage-first heap   total 262144K, used 128172K [0x0000000080000000, 0x0000000100000000)
  region size 1024K, 48 young (49152K), 13 survivors (13312K)
 Metaspace       used 93548K, capacity 95873K, committed 95996K, reserved 1132544K
  class space    used 12077K, capacity 12890K, committed 12928K, reserved 1048576K
GC Heap History (20 events):
Event: 7.250 GC heap before
{Heap before GC invocations=9 (full 0):
 garbage-first heap   total 262144K, used 137415K [0x0000000080000000, 0x0000000100000000)
  region size 1024K, 119 young (121856K), 9 survivors (9216K)
 Metaspace       used 44400K, capacity 45441K, committed 45692K, reserved 1089536K
  class space    used 5693K, capacity 6059K, committed 6144K, reserved 1048576K
}
Event: 7.263 GC heap after
{Heap after GC invocations=10 (full 0):
 garbage-first heap   total 262144K, used 27912K [0x0000000080000000, 0x0000000100000000)
  region size 1024K, 12 young (12288K), 12 survivors (12288K)
 Metaspace       used 44400K, capacity 45441K, committed 45692K, reserved 1089536K
  class space    used 5693K, capacity 6059K, committed 6144K, reserved 1048576K
}
Event: 8.724 GC heap before
{Heap before GC invocations=10 (full 0):
 garbage-first heap   total 262144K, used 177416K [0x0000000080000000, 0x0000000100000000)
  region size 1024K, 153 young (156672K), 12 survivors (12288K)
 Metaspace       used 57689K, capacity 59106K, committed 59260K, reserved 1101824K
  class space    used 7356K, capacity 7877K, committed 7936K, reserved 1048576K
}
Event: 8.742 GC heap after
{Heap after GC invocations=11 (full 0):
 garbage-first heap   total 262144K, used 48934K [0x0000000080000000, 0x0000000100000000)
  region size 1024K, 20 young (20480K), 20 survivors (20480K)
 Metaspace       used 57689K, capacity 59106K, committed 59260K, reserved 1101824K
  class space    used 7356K, capacity 7877K, committed 7936K, reserved 1048576K
}
Event: 8.815 GC heap before
{Heap before GC invocations=11 (full 0):
 garbage-first heap   total 262144K, used 54054K [0x0000000080000000, 0x0000000100000000)
  region size 1024K, 26 young (26624K), 20 survivors (20480K)
 Metaspace       used 58304K, capacity 59778K, committed 59900K, reserved 1101824K
  class space    used 7415K, capacity 7950K, committed 8064K, reserved 1048576K
}
Event: 8.838 GC heap after
{Heap after GC invocations=12 (full 0):
 garbage-first heap   total 262144K, used 51198K [0x0000000080000000, 0x0000000100000000)
  region size 1024K, 2 young (2048K), 2 survivors (2048K)
 Metaspace       used 58304K, capacity 59778K, committed 59900K, reserved 1101824K
  class space    used 7415K, capacity 7950K, committed 8064K, reserved 1048576K
}
Event: 9.714 GC heap before
{Heap before GC invocations=13 (full 0):
 garbage-first heap   total 262144K, used 136190K [0x0000000080000000, 0x0000000100000000)
  region size 1024K, 84 young (86016K), 2 survivors (2048K)
 Metaspace       used 63740K, capacity 65263K, committed 65404K, reserved 1105920K
  class space    used 8090K, capacity 8616K, committed 8704K, reserved 1048576K
}
Event: 9.725 GC heap after
{Heap after GC invocations=14 (full 0):
 garbage-first heap   total 262144K, used 56106K [0x0000000080000000, 0x0000000100000000)
  region size 1024K, 7 young (7168K), 7 survivors (7168K)
 Metaspace       used 63740K, capacity 65263K, committed 65404K, reserved 1105920K
  class space    used 8090K, capacity 8616K, committed 8704K, reserved 1048576K
}
Event: 10.987 GC heap before
{Heap before GC invocations=15 (full 0):
 garbage-first heap   total 262144K, used 147242K [0x0000000080000000, 0x0000000100000000)
  region size 1024K, 96 young (98304K), 7 survivors (7168K)
 Metaspace       used 72175K, capacity 73837K, committed 74108K, reserved 1114112K
  class space    used 9390K, capacity 9950K, committed 9984K, reserved 1048576K
}
Event: 11.003 GC heap after
{Heap after GC invocations=16 (full 0):
 garbage-first heap   total 262144K, used 62993K [0x0000000080000000, 0x0000000100000000)
  region size 1024K, 7 young (7168K), 7 survivors (7168K)
 Metaspace       used 72175K, capacity 73837K, committed 74108K, reserved 1114112K
  class space    used 9390K, capacity 9950K, committed 9984K, reserved 1048576K
}
Event: 12.360 GC heap before
{Heap before GC invocations=16 (full 0):
 garbage-first heap   total 262144K, used 158225K [0x0000000080000000, 0x0000000100000000)
  region size 1024K, 100 young (102400K), 7 survivors (7168K)
 Metaspace       used 79775K, capacity 81659K, committed 81916K, reserved 1120256K
  class space    used 10353K, capacity 11016K, committed 11136K, reserved 1048576K
}
Event: 12.374 GC heap after
{Heap after GC invocations=17 (full 0):
 garbage-first heap   total 262144K, used 70477K [0x0000000080000000, 0x0000000100000000)
  region size 1024K, 13 young (13312K), 13 survivors (13312K)
 Metaspace       used 79775K, capacity 81659K, committed 81916K, reserved 1120256K
  class space    used 10353K, capacity 11016K, committed 11136K, reserved 1048576K
}
Event: 13.528 GC heap before
{Heap before GC invocations=17 (full 0):
 garbage-first heap   total 262144K, used 167757K [0x0000000080000000, 0x0000000100000000)
  region size 1024K, 109 young (111616K), 13 survivors (13312K)
 Metaspace       used 80560K, capacity 82475K, committed 82684K, reserved 1120256K
  class space    used 10369K, capacity 11027K, committed 11136K, reserved 1048576K
}
Event: 13.545 GC heap after
{Heap after GC invocations=18 (full 0):
 garbage-first heap   total 262144K, used 78245K [0x0000000080000000, 0x0000000100000000)
  region size 1024K, 14 young (14336K), 14 survivors (14336K)
 Metaspace       used 80560K, capacity 82475K, committed 82684K, reserved 1120256K
  class space    used 10369K, capacity 11027K, committed 11136K, reserved 1048576K
}
Event: 14.886 GC heap before
{Heap before GC invocations=18 (full 0):
 garbage-first heap   total 262144K, used 176549K [0x0000000080000000, 0x0000000100000000)
  region size 1024K, 111 young (113664K), 14 survivors (14336K)
 Metaspace       used 85870K, capacity 87901K, committed 88188K, reserved 1126400K
  class space    used 11020K, capacity 11731K, committed 11776K, reserved 1048576K
}
Event: 14.903 GC heap after
{Heap after GC invocations=19 (full 0):
 garbage-first heap   total 262144K, used 82964K [0x0000000080000000, 0x0000000100000000)
  region size 1024K, 6 young (6144K), 6 survivors (6144K)
 Metaspace       used 85870K, capacity 87901K, committed 88188K, reserved 1126400K
  class space    used 11020K, capacity 11731K, committed 11776K, reserved 1048576K
}
Event: 16.255 GC heap before
{Heap before GC invocations=19 (full 0):
 garbage-first heap   total 262144K, used 183316K [0x0000000080000000, 0x0000000100000000)
  region size 1024K, 105 young (107520K), 6 survivors (6144K)
 Metaspace       used 86127K, capacity 88106K, committed 88188K, reserved 1126400K
  class space    used 11039K, capacity 11747K, committed 11776K, reserved 1048576K
}
Event: 16.267 GC heap after
{Heap after GC invocations=20 (full 0):
 garbage-first heap   total 262144K, used 87912K [0x0000000080000000, 0x0000000100000000)
  region size 1024K, 11 young (11264K), 11 survivors (11264K)
 Metaspace       used 86127K, capacity 88106K, committed 88188K, reserved 1126400K
  class space    used 11039K, capacity 11747K, committed 11776K, reserved 1048576K
}
Event: 19.876 GC heap before
{Heap before GC invocations=20 (full 0):
 garbage-first heap   total 262144K, used 189288K [0x0000000080000000, 0x0000000100000000)
  region size 1024K, 111 young (113664K), 11 survivors (11264K)
 Metaspace       used 91306K, capacity 93582K, committed 93820K, reserved 1130496K
  class space    used 11757K, capacity 12540K, committed 12544K, reserved 1048576K
}
Event: 19.894 GC heap after
{Heap after GC invocations=21 (full 0):
 garbage-first heap   total 262144K, used 94380K [0x0000000080000000, 0x0000000100000000)
  region size 1024K, 13 young (13312K), 13 survivors (13312K)
 Metaspace       used 91306K, capacity 93582K, committed 93820K, reserved 1130496K
  class space    used 11757K, capacity 12540K, committed 12544K, reserved 1048576K
}

