# JRE version: OpenJDK Runtime Environment (11.0.8+10) (build 11.0.8+10-b944.6842174)
# Java VM: OpenJDK 64-Bit Server VM (11.0.8+10-b944.6842174, mixed mode, tiered, compressed oops, g1 gc, windows-amd64)
Heap:
 garbage-first heap   total 262144K, used 132768K [0x0000000080000000, 0x0000000100000000)
  region size 1024K, 87 young (89088K), 12 survivors (12288K)
 Metaspace       used 72532K, capacity 74201K, committed 74316K, reserved 1114112K
  class space    used 9437K, capacity 10041K, committed 10060K, reserved 1048576K
GC Heap History (18 events):
Event: 0.593 GC heap before
{Heap before GC invocations=0 (full 0):
 garbage-first heap   total 262144K, used 19456K [0x0000000080000000, 0x0000000100000000)
  region size 1024K, 14 young (14336K), 0 survivors (0K)
 Metaspace       used 7462K, capacity 7615K, committed 7680K, reserved 1056768K
  class space    used 686K, capacity 748K, committed 768K, reserved 1048576K
}
Event: 0.596 GC heap after
{Heap after GC invocations=1 (full 0):
 garbage-first heap   total 262144K, used 7767K [0x0000000080000000, 0x0000000100000000)
  region size 1024K, 2 young (2048K), 2 survivors (2048K)
 Metaspace       used 7462K, capacity 7615K, committed 7680K, reserved 1056768K
  class space    used 686K, capacity 748K, committed 768K, reserved 1048576K
}
Event: 4.507 GC heap before
{Heap before GC invocations=1 (full 0):
 garbage-first heap   total 262144K, used 101975K [0x0000000080000000, 0x0000000100000000)
  region size 1024K, 96 young (98304K), 2 survivors (2048K)
 Metaspace       used 20605K, capacity 21111K, committed 21248K, reserved 1067008K
  class space    used 2524K, capacity 2712K, committed 2816K, reserved 1048576K
}
Event: 4.515 GC heap after
{Heap after GC invocations=2 (full 0):
 garbage-first heap   total 262144K, used 15678K [0x0000000080000000, 0x0000000100000000)
  region size 1024K, 10 young (10240K), 10 survivors (10240K)
 Metaspace       used 20605K, capacity 21111K, committed 21248K, reserved 1067008K
  class space    used 2524K, capacity 2712K, committed 2816K, reserved 1048576K
}
Event: 4.608 GC heap before
{Heap before GC invocations=3 (full 0):
 garbage-first heap   total 262144K, used 24894K [0x0000000080000000, 0x0000000100000000)
  region size 1024K, 19 young (19456K), 10 survivors (10240K)
 Metaspace       used 21573K, capacity 22118K, committed 22400K, reserved 1069056K
  class space    used 2707K, capacity 2878K, committed 2944K, reserved 1048576K
}
Event: 4.613 GC heap after
{Heap after GC invocations=4 (full 0):
 garbage-first heap   total 262144K, used 17021K [0x0000000080000000, 0x0000000100000000)
  region size 1024K, 1 young (1024K), 1 survivors (1024K)
 Metaspace       used 21573K, capacity 22118K, committed 22400K, reserved 1069056K
  class space    used 2707K, capacity 2878K, committed 2944K, reserved 1048576K
}
Event: 5.099 GC heap before
{Heap before GC invocations=4 (full 0):
 garbage-first heap   total 262144K, used 64125K [0x0000000080000000, 0x0000000100000000)
  region size 1024K, 47 young (48128K), 1 survivors (1024K)
 Metaspace       used 26720K, capacity 27343K, committed 27648K, reserved 1073152K
  class space    used 3510K, capacity 3752K, committed 3840K, reserved 1048576K
}
Event: 5.102 GC heap after
{Heap after GC invocations=5 (full 0):
 garbage-first heap   total 262144K, used 18315K [0x0000000080000000, 0x0000000100000000)
  region size 1024K, 3 young (3072K), 3 survivors (3072K)
 Metaspace       used 26720K, capacity 27343K, committed 27648K, reserved 1073152K
  class space    used 3510K, capacity 3752K, committed 3840K, reserved 1048576K
}
Event: 5.726 GC heap before
{Heap before GC invocations=5 (full 0):
 garbage-first heap   total 262144K, used 62347K [0x0000000080000000, 0x0000000100000000)
  region size 1024K, 47 young (48128K), 3 survivors (3072K)
 Metaspace       used 35068K, capacity 35819K, committed 35840K, reserved 1081344K
  class space    used 4560K, capacity 4854K, committed 4864K, reserved 1048576K
}
Event: 5.732 GC heap after
{Heap after GC invocations=6 (full 0):
 garbage-first heap   total 262144K, used 21281K [0x0000000080000000, 0x0000000100000000)
  region size 1024K, 6 young (6144K), 6 survivors (6144K)
 Metaspace       used 35068K, capacity 35819K, committed 35840K, reserved 1081344K
  class space    used 4560K, capacity 4854K, committed 4864K, reserved 1048576K
}
Event: 7.029 GC heap before
{Heap before GC invocations=7 (full 0):
 garbage-first heap   total 262144K, used 120609K [0x0000000080000000, 0x0000000100000000)
  region size 1024K, 100 young (102400K), 6 survivors (6144K)
 Metaspace       used 43695K, capacity 44712K, committed 45004K, reserved 1087488K
  class space    used 5603K, capacity 5982K, committed 6092K, reserved 1048576K
}
Event: 7.039 GC heap after
{Heap after GC invocations=8 (full 0):
 garbage-first heap   total 262144K, used 27160K [0x0000000080000000, 0x0000000100000000)
  region size 1024K, 11 young (11264K), 11 survivors (11264K)
 Metaspace       used 43695K, capacity 44712K, committed 45004K, reserved 1087488K
  class space    used 5603K, capacity 5982K, committed 6092K, reserved 1048576K
}
Event: 8.316 GC heap before
{Heap before GC invocations=8 (full 0):
 garbage-first heap   total 262144K, used 151064K [0x0000000080000000, 0x0000000100000000)
  region size 1024K, 127 young (130048K), 11 survivors (11264K)
 Metaspace       used 52545K, capacity 53800K, committed 54092K, reserved 1095680K
  class space    used 6674K, capacity 7116K, committed 7244K, reserved 1048576K
}
Event: 8.332 GC heap after
{Heap after GC invocations=9 (full 0):
 garbage-first heap   total 262144K, used 44726K [0x0000000080000000, 0x0000000100000000)
  region size 1024K, 16 young (16384K), 16 survivors (16384K)
 Metaspace       used 52545K, capacity 53800K, committed 54092K, reserved 1095680K
  class space    used 6674K, capacity 7116K, committed 7244K, reserved 1048576K
}
Event: 9.117 GC heap before
{Heap before GC invocations=9 (full 0):
 garbage-first heap   total 262144K, used 96950K [0x0000000080000000, 0x0000000100000000)
  region size 1024K, 68 young (69632K), 16 survivors (16384K)
 Metaspace       used 58714K, capacity 60141K, committed 60236K, reserved 1101824K
  class space    used 7446K, capacity 7956K, committed 8012K, reserved 1048576K
}
Event: 9.136 GC heap after
{Heap after GC invocations=10 (full 0):
 garbage-first heap   total 262144K, used 51200K [0x0000000080000000, 0x0000000100000000)
  region size 1024K, 6 young (6144K), 6 survivors (6144K)
 Metaspace       used 58714K, capacity 60141K, committed 60236K, reserved 1101824K
  class space    used 7446K, capacity 7956K, committed 8012K, reserved 1048576K
}
Event: 10.336 GC heap before
{Heap before GC invocations=11 (full 0):
 garbage-first heap   total 262144K, used 152576K [0x0000000080000000, 0x0000000100000000)
  region size 1024K, 105 young (107520K), 6 survivors (6144K)
 Metaspace       used 66680K, capacity 68185K, committed 68428K, reserved 1107968K
  class space    used 8641K, capacity 9180K, committed 9292K, reserved 1048576K
}
Event: 10.347 GC heap after
{Heap after GC invocations=12 (full 0):
 garbage-first heap   total 262144K, used 56992K [0x0000000080000000, 0x0000000100000000)
  region size 1024K, 12 young (12288K), 12 survivors (12288K)
 Metaspace       used 66680K, capacity 68185K, committed 68428K, reserved 1107968K
  class space    used 8641K, capacity 9180K, committed 9292K, reserved 1048576K
}

