# JRE version: OpenJDK Runtime Environment (11.0.8+10) (build 11.0.8+10-b944.6842174)
# Java VM: OpenJDK 64-Bit Server VM (11.0.8+10-b944.6842174, mixed mode, tiered, compressed oops, g1 gc, windows-amd64)
Heap:
 garbage-first heap   total 262144K, used 128653K [0x0000000080000000, 0x0000000100000000)
  region size 1024K, 67 young (68608K), 8 survivors (8192K)
 Metaspace       used 80299K, capacity 82154K, committed 82428K, reserved 1120256K
  class space    used 10367K, capacity 11024K, committed 11136K, reserved 1048576K
GC Heap History (20 events):
Event: 4.749 GC heap before
{Heap before GC invocations=3 (full 0):
 garbage-first heap   total 262144K, used 53638K [0x0000000080000000, 0x0000000100000000)
  region size 1024K, 44 young (45056K), 4 survivors (4096K)
 Metaspace       used 18524K, capacity 18971K, committed 19072K, reserved 1067008K
  class space    used 2217K, capacity 2361K, committed 2432K, reserved 1048576K
}
Event: 4.754 GC heap after
{Heap after GC invocations=4 (full 0):
 garbage-first heap   total 262144K, used 15955K [0x0000000080000000, 0x0000000100000000)
  region size 1024K, 3 young (3072K), 3 survivors (3072K)
 Metaspace       used 18524K, capacity 18971K, committed 19072K, reserved 1067008K
  class space    used 2217K, capacity 2361K, committed 2432K, reserved 1048576K
}
Event: 4.910 GC heap before
{Heap before GC invocations=4 (full 0):
 garbage-first heap   total 262144K, used 31315K [0x0000000080000000, 0x0000000100000000)
  region size 1024K, 19 young (19456K), 3 survivors (3072K)
 Metaspace       used 20584K, capacity 21127K, committed 21296K, reserved 1069056K
  class space    used 2520K, capacity 2680K, committed 2688K, reserved 1048576K
}
Event: 4.914 GC heap after
{Heap after GC invocations=5 (full 0):
 garbage-first heap   total 262144K, used 16434K [0x0000000080000000, 0x0000000100000000)
  region size 1024K, 4 young (4096K), 4 survivors (4096K)
 Metaspace       used 20584K, capacity 21127K, committed 21296K, reserved 1069056K
  class space    used 2520K, capacity 2680K, committed 2688K, reserved 1048576K
}
Event: 5.644 GC heap before
{Heap before GC invocations=6 (full 0):
 garbage-first heap   total 262144K, used 70706K [0x0000000080000000, 0x0000000100000000)
  region size 1024K, 58 young (59392K), 4 survivors (4096K)
 Metaspace       used 26631K, capacity 27268K, committed 27440K, reserved 1073152K
  class space    used 3490K, capacity 3710K, committed 3712K, reserved 1048576K
}
Event: 5.649 GC heap after
{Heap after GC invocations=7 (full 0):
 garbage-first heap   total 262144K, used 18445K [0x0000000080000000, 0x0000000100000000)
  region size 1024K, 6 young (6144K), 6 survivors (6144K)
 Metaspace       used 26631K, capacity 27268K, committed 27440K, reserved 1073152K
  class space    used 3490K, capacity 3710K, committed 3712K, reserved 1048576K
}
Event: 6.413 GC heap before
{Heap before GC invocations=7 (full 0):
 garbage-first heap   total 262144K, used 62477K [0x0000000080000000, 0x0000000100000000)
  region size 1024K, 51 young (52224K), 6 survivors (6144K)
 Metaspace       used 34898K, capacity 35661K, committed 35708K, reserved 1081344K
  class space    used 4532K, capacity 4849K, committed 4864K, reserved 1048576K
}
Event: 6.425 GC heap after
{Heap after GC invocations=8 (full 0):
 garbage-first heap   total 262144K, used 21530K [0x0000000080000000, 0x0000000100000000)
  region size 1024K, 9 young (9216K), 9 survivors (9216K)
 Metaspace       used 34898K, capacity 35661K, committed 35708K, reserved 1081344K
  class space    used 4532K, capacity 4849K, committed 4864K, reserved 1048576K
}
Event: 9.181 GC heap before
{Heap before GC invocations=9 (full 0):
 garbage-first heap   total 262144K, used 142362K [0x0000000080000000, 0x0000000100000000)
  region size 1024K, 124 young (126976K), 9 survivors (9216K)
 Metaspace       used 44453K, capacity 45511K, committed 45692K, reserved 1089536K
  class space    used 5694K, capacity 6061K, committed 6144K, reserved 1048576K
}
Event: 9.194 GC heap after
{Heap after GC invocations=10 (full 0):
 garbage-first heap   total 262144K, used 28673K [0x0000000080000000, 0x0000000100000000)
  region size 1024K, 13 young (13312K), 13 survivors (13312K)
 Metaspace       used 44453K, capacity 45511K, committed 45692K, reserved 1089536K
  class space    used 5694K, capacity 6061K, committed 6144K, reserved 1048576K
}
Event: 12.645 GC heap before
{Heap before GC invocations=10 (full 0):
 garbage-first heap   total 262144K, used 176129K [0x0000000080000000, 0x0000000100000000)
  region size 1024K, 152 young (155648K), 13 survivors (13312K)
 Metaspace       used 58297K, capacity 59780K, committed 59900K, reserved 1101824K
  class space    used 7412K, capacity 7951K, committed 8064K, reserved 1048576K
}
Event: 12.665 GC heap after
{Heap after GC invocations=11 (full 0):
 garbage-first heap   total 262144K, used 48472K [0x0000000080000000, 0x0000000100000000)
  region size 1024K, 19 young (19456K), 19 survivors (19456K)
 Metaspace       used 58297K, capacity 59780K, committed 59900K, reserved 1101824K
  class space    used 7412K, capacity 7951K, committed 8064K, reserved 1048576K
}
Event: 12.668 GC heap before
{Heap before GC invocations=11 (full 0):
 garbage-first heap   total 262144K, used 48472K [0x0000000080000000, 0x0000000100000000)
  region size 1024K, 20 young (20480K), 19 survivors (19456K)
 Metaspace       used 58323K, capacity 59780K, committed 59900K, reserved 1101824K
  class space    used 7414K, capacity 7951K, committed 8064K, reserved 1048576K
}
Event: 12.686 GC heap after
{Heap after GC invocations=12 (full 0):
 garbage-first heap   total 262144K, used 51481K [0x0000000080000000, 0x0000000100000000)
  region size 1024K, 2 young (2048K), 2 survivors (2048K)
 Metaspace       used 58323K, capacity 59780K, committed 59900K, reserved 1101824K
  class space    used 7414K, capacity 7951K, committed 8064K, reserved 1048576K
}
Event: 13.676 GC heap before
{Heap before GC invocations=13 (full 0):
 garbage-first heap   total 262144K, used 134425K [0x0000000080000000, 0x0000000100000000)
  region size 1024K, 83 young (84992K), 2 survivors (2048K)
 Metaspace       used 63723K, capacity 65266K, committed 65404K, reserved 1105920K
  class space    used 8087K, capacity 8617K, committed 8704K, reserved 1048576K
}
Event: 13.684 GC heap after
{Heap after GC invocations=14 (full 0):
 garbage-first heap   total 262144K, used 55951K [0x0000000080000000, 0x0000000100000000)
  region size 1024K, 7 young (7168K), 7 survivors (7168K)
 Metaspace       used 63723K, capacity 65266K, committed 65404K, reserved 1105920K
  class space    used 8087K, capacity 8617K, committed 8704K, reserved 1048576K
}
Event: 15.388 GC heap before
{Heap before GC invocations=15 (full 0):
 garbage-first heap   total 262144K, used 146063K [0x0000000080000000, 0x0000000100000000)
  region size 1024K, 95 young (97280K), 7 survivors (7168K)
 Metaspace       used 71829K, capacity 73484K, committed 73596K, reserved 1114112K
  class space    used 9331K, capacity 9913K, committed 9984K, reserved 1048576K
}
Event: 15.408 GC heap after
{Heap after GC invocations=16 (full 0):
 garbage-first heap   total 262144K, used 63531K [0x0000000080000000, 0x0000000100000000)
  region size 1024K, 8 young (8192K), 8 survivors (8192K)
 Metaspace       used 71829K, capacity 73484K, committed 73596K, reserved 1114112K
  class space    used 9331K, capacity 9913K, committed 9984K, reserved 1048576K
}
Event: 17.610 GC heap before
{Heap before GC invocations=16 (full 0):
 garbage-first heap   total 262144K, used 157739K [0x0000000080000000, 0x0000000100000000)
  region size 1024K, 101 young (103424K), 8 survivors (8192K)
 Metaspace       used 79860K, capacity 81734K, committed 81916K, reserved 1120256K
  class space    used 10364K, capacity 11020K, committed 11136K, reserved 1048576K
}
Event: 17.625 GC heap after
{Heap after GC invocations=17 (full 0):
 garbage-first heap   total 262144K, used 71309K [0x0000000080000000, 0x0000000100000000)
  region size 1024K, 8 young (8192K), 8 survivors (8192K)
 Metaspace       used 79860K, capacity 81734K, committed 81916K, reserved 1120256K
  class space    used 10364K, capacity 11020K, committed 11136K, reserved 1048576K
}

