# JRE version: OpenJDK Runtime Environment (11.0.8+10) (build 11.0.8+10-b944.6842174)
# Java VM: OpenJDK 64-Bit Server VM (11.0.8+10-b944.6842174, mixed mode, tiered, compressed oops, g1 gc, windows-amd64)
Heap:
 garbage-first heap   total 815104K, used 312000K [0x0000000080000000, 0x0000000100000000)
  region size 1024K, 6 young (6144K), 6 survivors (6144K)
 Metaspace       used 132959K, capacity 136786K, committed 137036K, reserved 1169408K
  class space    used 15995K, capacity 17381K, committed 17484K, reserved 1048576K
GC Heap History (20 events):
Event: 6924.804 GC heap after
{Heap after GC invocations=154 (full 0):
 garbage-first heap   total 293888K, used 236544K [0x0000000080000000, 0x0000000100000000)
  region size 1024K, 2 young (2048K), 2 survivors (2048K)
 Metaspace       used 132880K, capacity 136718K, committed 137036K, reserved 1169408K
  class space    used 15995K, capacity 17381K, committed 17484K, reserved 1048576K
}
Event: 6924.848 GC heap before
{Heap before GC invocations=154 (full 0):
 garbage-first heap   total 293888K, used 248832K [0x0000000080000000, 0x0000000100000000)
  region size 1024K, 14 young (14336K), 2 survivors (2048K)
 Metaspace       used 132882K, capacity 136718K, committed 137036K, reserved 1169408K
  class space    used 15995K, capacity 17381K, committed 17484K, reserved 1048576K
}
Event: 6924.864 GC heap after
{Heap after GC invocations=155 (full 0):
 garbage-first heap   total 293888K, used 243712K [0x0000000080000000, 0x0000000100000000)
  region size 1024K, 2 young (2048K), 2 survivors (2048K)
 Metaspace       used 132882K, capacity 136718K, committed 137036K, reserved 1169408K
  class space    used 15995K, capacity 17381K, committed 17484K, reserved 1048576K
}
Event: 6924.977 GC heap before
{Heap before GC invocations=155 (full 0):
 garbage-first heap   total 293888K, used 256000K [0x0000000080000000, 0x0000000100000000)
  region size 1024K, 14 young (14336K), 2 survivors (2048K)
 Metaspace       used 132882K, capacity 136718K, committed 137036K, reserved 1169408K
  class space    used 15995K, capacity 17381K, committed 17484K, reserved 1048576K
}
Event: 6924.987 GC heap after
{Heap after GC invocations=156 (full 0):
 garbage-first heap   total 293888K, used 251301K [0x0000000080000000, 0x0000000100000000)
  region size 1024K, 2 young (2048K), 2 survivors (2048K)
 Metaspace       used 132882K, capacity 136718K, committed 137036K, reserved 1169408K
  class space    used 15995K, capacity 17381K, committed 17484K, reserved 1048576K
}
Event: 6925.089 GC heap before
{Heap before GC invocations=156 (full 0):
 garbage-first heap   total 293888K, used 263589K [0x0000000080000000, 0x0000000100000000)
  region size 1024K, 14 young (14336K), 2 survivors (2048K)
 Metaspace       used 132882K, capacity 136718K, committed 137036K, reserved 1169408K
  class space    used 15995K, capacity 17381K, committed 17484K, reserved 1048576K
}
Event: 6925.101 GC heap after
{Heap after GC invocations=157 (full 0):
 garbage-first heap   total 293888K, used 258767K [0x0000000080000000, 0x0000000100000000)
  region size 1024K, 2 young (2048K), 2 survivors (2048K)
 Metaspace       used 132882K, capacity 136718K, committed 137036K, reserved 1169408K
  class space    used 15995K, capacity 17381K, committed 17484K, reserved 1048576K
}
Event: 6925.215 GC heap before
{Heap before GC invocations=157 (full 0):
 garbage-first heap   total 293888K, used 271055K [0x0000000080000000, 0x0000000100000000)
  region size 1024K, 14 young (14336K), 2 survivors (2048K)
 Metaspace       used 132886K, capacity 136718K, committed 137036K, reserved 1169408K
  class space    used 15995K, capacity 17381K, committed 17484K, reserved 1048576K
}
Event: 6925.224 GC heap after
{Heap after GC invocations=158 (full 0):
 garbage-first heap   total 293888K, used 266581K [0x0000000080000000, 0x0000000100000000)
  region size 1024K, 2 young (2048K), 2 survivors (2048K)
 Metaspace       used 132886K, capacity 136718K, committed 137036K, reserved 1169408K
  class space    used 15995K, capacity 17381K, committed 17484K, reserved 1048576K
}
Event: 6925.325 GC heap before
{Heap before GC invocations=158 (full 0):
 garbage-first heap   total 293888K, used 276821K [0x0000000080000000, 0x0000000100000000)
  region size 1024K, 14 young (14336K), 2 survivors (2048K)
 Metaspace       used 132886K, capacity 136718K, committed 137036K, reserved 1169408K
  class space    used 15995K, capacity 17381K, committed 17484K, reserved 1048576K
}
Event: 6925.339 GC heap after
{Heap after GC invocations=159 (full 0):
 garbage-first heap   total 293888K, used 272062K [0x0000000080000000, 0x0000000100000000)
  region size 1024K, 2 young (2048K), 2 survivors (2048K)
 Metaspace       used 132886K, capacity 136718K, committed 137036K, reserved 1169408K
  class space    used 15995K, capacity 17381K, committed 17484K, reserved 1048576K
}
Event: 6925.417 GC heap before
{Heap before GC invocations=159 (full 0):
 garbage-first heap   total 293888K, used 284350K [0x0000000080000000, 0x0000000100000000)
  region size 1024K, 14 young (14336K), 2 survivors (2048K)
 Metaspace       used 132886K, capacity 136718K, committed 137036K, reserved 1169408K
  class space    used 15995K, capacity 17381K, committed 17484K, reserved 1048576K
}
Event: 6925.435 GC heap after
{Heap after GC invocations=160 (full 0):
 garbage-first heap   total 450560K, used 279901K [0x0000000080000000, 0x0000000100000000)
  region size 1024K, 2 young (2048K), 2 survivors (2048K)
 Metaspace       used 132886K, capacity 136718K, committed 137036K, reserved 1169408K
  class space    used 15995K, capacity 17381K, committed 17484K, reserved 1048576K
}
Event: 6925.728 GC heap before
{Heap before GC invocations=161 (full 0):
 garbage-first heap   total 450560K, used 327005K [0x0000000080000000, 0x0000000100000000)
  region size 1024K, 48 young (49152K), 2 survivors (2048K)
 Metaspace       used 132888K, capacity 136718K, committed 137036K, reserved 1169408K
  class space    used 15995K, capacity 17381K, committed 17484K, reserved 1048576K
}
Event: 6925.755 GC heap after
{Heap after GC invocations=162 (full 0):
 garbage-first heap   total 450560K, used 306162K [0x0000000080000000, 0x0000000100000000)
  region size 1024K, 6 young (6144K), 6 survivors (6144K)
 Metaspace       used 132888K, capacity 136718K, committed 137036K, reserved 1169408K
  class space    used 15995K, capacity 17381K, committed 17484K, reserved 1048576K
}
Event: 6926.028 GC heap before
{Heap before GC invocations=162 (full 0):
 garbage-first heap   total 450560K, used 345074K [0x0000000080000000, 0x0000000100000000)
  region size 1024K, 44 young (45056K), 6 survivors (6144K)
 Metaspace       used 132933K, capacity 136786K, committed 137036K, reserved 1169408K
  class space    used 15995K, capacity 17381K, committed 17484K, reserved 1048576K
}
Event: 6926.058 GC heap after
{Heap after GC invocations=163 (full 0):
 garbage-first heap   total 450560K, used 316416K [0x0000000080000000, 0x0000000100000000)
  region size 1024K, 6 young (6144K), 6 survivors (6144K)
 Metaspace       used 132933K, capacity 136786K, committed 137036K, reserved 1169408K
  class space    used 15995K, capacity 17381K, committed 17484K, reserved 1048576K
}
Event: 6926.341 GC heap before
{Heap before GC invocations=163 (full 0):
 garbage-first heap   total 450560K, used 354304K [0x0000000080000000, 0x0000000100000000)
  region size 1024K, 43 young (44032K), 6 survivors (6144K)
 Metaspace       used 132941K, capacity 136786K, committed 137036K, reserved 1169408K
  class space    used 15995K, capacity 17381K, committed 17484K, reserved 1048576K
}
Event: 6926.364 GC heap after
{Heap after GC invocations=164 (full 0):
 garbage-first heap   total 450560K, used 321536K [0x0000000080000000, 0x0000000100000000)
  region size 1024K, 4 young (4096K), 4 survivors (4096K)
 Metaspace       used 132941K, capacity 136786K, committed 137036K, reserved 1169408K
  class space    used 15995K, capacity 17381K, committed 17484K, reserved 1048576K
}
Event: 6926.755 GC heap before
{Heap before GC invocations=164 (full 0):
 garbage-first heap   total 450560K, used 345088K [0x0000000080000000, 0x0000000100000000)
  region size 1024K, 42 young (43008K), 4 survivors (4096K)
 Metaspace       used 132959K, capacity 136786K, committed 137036K, reserved 1169408K
  class space    used 15995K, capacity 17381K, committed 17484K, reserved 1048576K
}

