# JRE version: OpenJDK Runtime Environment (11.0.8+10) (build 11.0.8+10-b944.6842174)
# Java VM: OpenJDK 64-Bit Server VM (11.0.8+10-b944.6842174, mixed mode, tiered, compressed oops, g1 gc, windows-amd64)
Heap:
 garbage-first heap   total 541696K, used 204175K [0x0000000080000000, 0x0000000100000000)
  region size 1024K, 18 young (18432K), 18 survivors (18432K)
 Metaspace       used 111347K, capacity 114394K, committed 114960K, reserved 1148928K
  class space    used 14045K, capacity 15145K, committed 15408K, reserved 1048576K
GC Heap History (20 events):
Event: 1512.240 GC heap after
{Heap after GC invocations=48 (full 0):
 garbage-first heap   total 378880K, used 175767K [0x0000000080000000, 0x0000000100000000)
  region size 1024K, 2 young (2048K), 2 survivors (2048K)
 Metaspace       used 111022K, capacity 114021K, committed 114704K, reserved 1148928K
  class space    used 14034K, capacity 15136K, committed 15408K, reserved 1048576K
}
Event: 1512.528 GC heap before
{Heap before GC invocations=48 (full 0):
 garbage-first heap   total 378880K, used 297623K [0x0000000080000000, 0x0000000100000000)
  region size 1024K, 121 young (123904K), 2 survivors (2048K)
 Metaspace       used 111052K, capacity 114026K, committed 114704K, reserved 1148928K
  class space    used 14035K, capacity 15137K, committed 15408K, reserved 1048576K
}
Event: 1512.533 GC heap after
{Heap after GC invocations=49 (full 0):
 garbage-first heap   total 378880K, used 177584K [0x0000000080000000, 0x0000000100000000)
  region size 1024K, 4 young (4096K), 4 survivors (4096K)
 Metaspace       used 111052K, capacity 114026K, committed 114704K, reserved 1148928K
  class space    used 14035K, capacity 15137K, committed 15408K, reserved 1048576K
}
Event: 1512.829 GC heap before
{Heap before GC invocations=49 (full 0):
 garbage-first heap   total 378880K, used 302512K [0x0000000080000000, 0x0000000100000000)
  region size 1024K, 126 young (129024K), 4 survivors (4096K)
 Metaspace       used 111084K, capacity 114031K, committed 114704K, reserved 1148928K
  class space    used 14037K, capacity 15139K, committed 15408K, reserved 1048576K
}
Event: 1512.835 GC heap after
{Heap after GC invocations=50 (full 0):
 garbage-first heap   total 378880K, used 180141K [0x0000000080000000, 0x0000000100000000)
  region size 1024K, 7 young (7168K), 7 survivors (7168K)
 Metaspace       used 111084K, capacity 114031K, committed 114704K, reserved 1148928K
  class space    used 14037K, capacity 15139K, committed 15408K, reserved 1048576K
}
Event: 1513.155 GC heap before
{Heap before GC invocations=50 (full 0):
 garbage-first heap   total 378880K, used 305069K [0x0000000080000000, 0x0000000100000000)
  region size 1024K, 130 young (133120K), 7 survivors (7168K)
 Metaspace       used 111097K, capacity 114095K, committed 114704K, reserved 1148928K
  class space    used 14037K, capacity 15139K, committed 15408K, reserved 1048576K
}
Event: 1513.168 GC heap after
{Heap after GC invocations=51 (full 0):
 garbage-first heap   total 378880K, used 182559K [0x0000000080000000, 0x0000000100000000)
  region size 1024K, 9 young (9216K), 9 survivors (9216K)
 Metaspace       used 111097K, capacity 114095K, committed 114704K, reserved 1148928K
  class space    used 14037K, capacity 15139K, committed 15408K, reserved 1048576K
}
Event: 1513.470 GC heap before
{Heap before GC invocations=51 (full 0):
 garbage-first heap   total 378880K, used 310559K [0x0000000080000000, 0x0000000100000000)
  region size 1024K, 134 young (137216K), 9 survivors (9216K)
 Metaspace       used 111104K, capacity 114095K, committed 114704K, reserved 1148928K
  class space    used 14037K, capacity 15139K, committed 15408K, reserved 1048576K
}
Event: 1513.480 GC heap after
{Heap after GC invocations=52 (full 0):
 garbage-first heap   total 378880K, used 184804K [0x0000000080000000, 0x0000000100000000)
  region size 1024K, 11 young (11264K), 11 survivors (11264K)
 Metaspace       used 111104K, capacity 114095K, committed 114704K, reserved 1148928K
  class space    used 14037K, capacity 15139K, committed 15408K, reserved 1048576K
}
Event: 1513.808 GC heap before
{Heap before GC invocations=52 (full 0):
 garbage-first heap   total 378880K, used 314852K [0x0000000080000000, 0x0000000100000000)
  region size 1024K, 138 young (141312K), 11 survivors (11264K)
 Metaspace       used 111118K, capacity 114096K, committed 114704K, reserved 1148928K
  class space    used 14037K, capacity 15139K, committed 15408K, reserved 1048576K
}
Event: 1513.823 GC heap after
{Heap after GC invocations=53 (full 0):
 garbage-first heap   total 378880K, used 187846K [0x0000000080000000, 0x0000000100000000)
  region size 1024K, 12 young (12288K), 12 survivors (12288K)
 Metaspace       used 111118K, capacity 114096K, committed 114704K, reserved 1148928K
  class space    used 14037K, capacity 15139K, committed 15408K, reserved 1048576K
}
Event: 1514.105 GC heap before
{Heap before GC invocations=53 (full 0):
 garbage-first heap   total 378880K, used 317894K [0x0000000080000000, 0x0000000100000000)
  region size 1024K, 139 young (142336K), 12 survivors (12288K)
 Metaspace       used 111133K, capacity 114096K, committed 114704K, reserved 1148928K
  class space    used 14037K, capacity 15139K, committed 15408K, reserved 1048576K
}
Event: 1514.121 GC heap after
{Heap after GC invocations=54 (full 0):
 garbage-first heap   total 476160K, used 189747K [0x0000000080000000, 0x0000000100000000)
  region size 1024K, 12 young (12288K), 12 survivors (12288K)
 Metaspace       used 111133K, capacity 114096K, committed 114704K, reserved 1148928K
  class space    used 14037K, capacity 15139K, committed 15408K, reserved 1048576K
}
Event: 1514.881 GC heap before
{Heap before GC invocations=54 (full 0):
 garbage-first heap   total 476160K, used 375091K [0x0000000080000000, 0x0000000100000000)
  region size 1024K, 193 young (197632K), 12 survivors (12288K)
 Metaspace       used 111137K, capacity 114096K, committed 114704K, reserved 1148928K
  class space    used 14037K, capacity 15139K, committed 15408K, reserved 1048576K
}
Event: 1514.894 GC heap after
{Heap after GC invocations=55 (full 0):
 garbage-first heap   total 476160K, used 192819K [0x0000000080000000, 0x0000000100000000)
  region size 1024K, 15 young (15360K), 15 survivors (15360K)
 Metaspace       used 111137K, capacity 114096K, committed 114704K, reserved 1148928K
  class space    used 14037K, capacity 15139K, committed 15408K, reserved 1048576K
}
Event: 1515.707 GC heap before
{Heap before GC invocations=55 (full 0):
 garbage-first heap   total 476160K, used 393523K [0x0000000080000000, 0x0000000100000000)
  region size 1024K, 211 young (216064K), 15 survivors (15360K)
 Metaspace       used 111148K, capacity 114096K, committed 114704K, reserved 1148928K
  class space    used 14037K, capacity 15139K, committed 15408K, reserved 1048576K
}
Event: 1515.727 GC heap after
{Heap after GC invocations=56 (full 0):
 garbage-first heap   total 476160K, used 195887K [0x0000000080000000, 0x0000000100000000)
  region size 1024K, 16 young (16384K), 16 survivors (16384K)
 Metaspace       used 111148K, capacity 114096K, committed 114704K, reserved 1148928K
  class space    used 14037K, capacity 15139K, committed 15408K, reserved 1048576K
}
Event: 1516.678 GC heap before
{Heap before GC invocations=56 (full 0):
 garbage-first heap   total 476160K, used 400687K [0x0000000080000000, 0x0000000100000000)
  region size 1024K, 216 young (221184K), 16 survivors (16384K)
 Metaspace       used 111186K, capacity 114164K, committed 114704K, reserved 1148928K
  class space    used 14042K, capacity 15141K, committed 15408K, reserved 1048576K
}
Event: 1516.696 GC heap after
{Heap after GC invocations=57 (full 0):
 garbage-first heap   total 476160K, used 200603K [0x0000000080000000, 0x0000000100000000)
  region size 1024K, 18 young (18432K), 18 survivors (18432K)
 Metaspace       used 111186K, capacity 114164K, committed 114704K, reserved 1148928K
  class space    used 14042K, capacity 15141K, committed 15408K, reserved 1048576K
}
Event: 1517.208 GC heap before
{Heap before GC invocations=57 (full 0):
 garbage-first heap   total 476160K, used 406427K [0x0000000080000000, 0x0000000100000000)
  region size 1024K, 218 young (223232K), 18 survivors (18432K)
 Metaspace       used 111347K, capacity 114394K, committed 114960K, reserved 1148928K
  class space    used 14045K, capacity 15145K, committed 15408K, reserved 1048576K
}

